<?xml version="1.0" encoding="UTF-8"?>
<!-- Generated by org.testng.reporters.JUnitReportReporter -->
<testsuite skipped="5" hostname="DELL" name="FormBuilderTest.CompleteTesting" tests="16" failures="1" timestamp="27 Feb 2019 11:51:32 GMT" time="60.093" errors="0">
  <testcase name="getWorkflows" time="35.157" classname="FormBuilderTest.CompleteTesting"/>
  <testcase name="addWorflow" time="4.123" classname="FormBuilderTest.CompleteTesting"/>
  <testcase name="UpdateWorkflow" time="4.095" classname="FormBuilderTest.CompleteTesting"/>
  <testcase name="MapWorkflow" time="1.686" classname="FormBuilderTest.CompleteTesting"/>
  <testcase name="getExistingScreen" time="1.767" classname="FormBuilderTest.CompleteTesting"/>
  <testcase name="addExistingScreens" time="2.032" classname="FormBuilderTest.CompleteTesting"/>
  <testcase name="removeExistingSCresn" time="1.688" classname="FormBuilderTest.CompleteTesting"/>
  <testcase name="getScreens" time="1.906" classname="FormBuilderTest.CompleteTesting"/>
  <testcase name="AddCustomScreens" time="4.295" classname="FormBuilderTest.CompleteTesting">
    <failure type="java.lang.AssertionError" message="expected [true] but found [false]">
      <![CDATA[java.lang.AssertionError: expected [true] but found [false]
at org.testng.Assert.fail(Assert.java:96)
at org.testng.Assert.failNotEquals(Assert.java:776)
at org.testng.Assert.assertTrue(Assert.java:44)
at org.testng.Assert.assertTrue(Assert.java:54)
at FormBuilderTest.CompleteTesting.AddCustomScreens(CompleteTesting.java:112)
at sun.reflect.NativeMethodAccessorImpl.invoke0(Native Method)
at sun.reflect.NativeMethodAccessorImpl.invoke(Unknown Source)
at sun.reflect.DelegatingMethodAccessorImpl.invoke(Unknown Source)
at java.lang.reflect.Method.invoke(Unknown Source)
at org.testng.internal.MethodInvocationHelper.invokeMethod(MethodInvocationHelper.java:124)
at org.testng.internal.Invoker.invokeMethod(Invoker.java:580)
at org.testng.internal.Invoker.invokeTestMethod(Invoker.java:716)
at org.testng.internal.Invoker.invokeTestMethods(Invoker.java:988)
at org.testng.internal.TestMethodWorker.invokeTestMethods(TestMethodWorker.java:125)
at org.testng.internal.TestMethodWorker.run(TestMethodWorker.java:109)
at org.testng.TestRunner.privateRun(TestRunner.java:648)
at org.testng.TestRunner.run(TestRunner.java:505)
at org.testng.SuiteRunner.runTest(SuiteRunner.java:455)
at org.testng.SuiteRunner.runSequentially(SuiteRunner.java:450)
at org.testng.SuiteRunner.privateRun(SuiteRunner.java:415)
at org.testng.SuiteRunner.run(SuiteRunner.java:364)
at org.testng.SuiteRunnerWorker.runSuite(SuiteRunnerWorker.java:52)
at org.testng.SuiteRunnerWorker.run(SuiteRunnerWorker.java:84)
at org.testng.TestNG.runSuitesSequentially(TestNG.java:1208)
at org.testng.TestNG.runSuitesLocally(TestNG.java:1137)
at org.testng.TestNG.runSuites(TestNG.java:1049)
at org.testng.TestNG.run(TestNG.java:1017)
at org.testng.remote.AbstractRemoteTestNG.run(AbstractRemoteTestNG.java:114)
at org.testng.remote.RemoteTestNG.initAndRun(RemoteTestNG.java:251)
at org.testng.remote.RemoteTestNG.main(RemoteTestNG.java:77)
]]>
    </failure>
  </testcase> <!-- AddCustomScreens -->
  <testcase name="updateCustomScreens" time="0.000" classname="FormBuilderTest.CompleteTesting">
    <skipped/>
  </testcase> <!-- updateCustomScreens -->
  <testcase name="MapScreensWithWorkflows" time="0.000" classname="FormBuilderTest.CompleteTesting">
    <skipped/>
  </testcase> <!-- MapScreensWithWorkflows -->
  <testcase name="deleteFormFields" time="0.000" classname="FormBuilderTest.CompleteTesting">
    <skipped/>
  </testcase> <!-- deleteFormFields -->
  <testcase name="removeMappingScreenWf" time="0.000" classname="FormBuilderTest.CompleteTesting">
    <skipped/>
  </testcase> <!-- removeMappingScreenWf -->
  <testcase name="removeVenueWFMapping" time="1.622" classname="FormBuilderTest.CompleteTesting"/>
  <testcase name="deleteScreens" time="0.000" classname="FormBuilderTest.CompleteTesting">
    <skipped/>
  </testcase> <!-- deleteScreens -->
  <testcase name="deleteWorkFlow" time="1.722" classname="FormBuilderTest.CompleteTesting"/>
</testsuite> <!-- FormBuilderTest.CompleteTesting -->
